<?xml version="1.0" encoding="UTF-8"?>
<coverage generated="1680571889347" clover="3.2.0">
  <project timestamp="1680571889347" name="All files">
    <metrics statements="163" coveredstatements="99" conditionals="107" coveredconditionals="57" methods="29" coveredmethods="15" elements="299" coveredelements="171" complexity="0" loc="163" ncloc="163" packages="1" files="1" classes="1"/>
    <file name="index.ts" path="/Users/dbarber/Development/Zenith.js/src/index.ts">
      <metrics statements="163" coveredstatements="99" conditionals="107" coveredconditionals="57" methods="29" coveredmethods="15"/>
      <line num="21" count="1" type="stmt"/>
      <line num="52" count="1" type="stmt"/>
      <line num="54" count="1" type="stmt"/>
      <line num="59" count="1" type="stmt"/>
      <line num="65" count="1" type="stmt"/>
      <line num="68" count="1" type="stmt"/>
      <line num="71" count="1" type="stmt"/>
      <line num="84" count="1" type="stmt"/>
      <line num="87" count="1" type="stmt"/>
      <line num="88" count="1" type="stmt"/>
      <line num="90" count="1" type="stmt"/>
      <line num="91" count="55" type="stmt"/>
      <line num="92" count="55" type="stmt"/>
      <line num="93" count="55" type="cond" truecount="5" falsecount="1"/>
      <line num="95" count="55" type="stmt"/>
      <line num="96" count="38" type="cond" truecount="3" falsecount="0"/>
      <line num="98" count="55" type="cond" truecount="0" falsecount="1"/>
      <line num="99" count="55" type="cond" truecount="0" falsecount="1"/>
      <line num="100" count="0" type="stmt"/>
      <line num="101" count="0" type="stmt"/>
      <line num="102" count="0" type="cond" truecount="0" falsecount="3"/>
      <line num="103" count="0" type="cond" truecount="0" falsecount="1"/>
      <line num="107" count="55" type="stmt"/>
      <line num="110" count="1" type="stmt"/>
      <line num="111" count="18" type="cond" truecount="5" falsecount="1"/>
      <line num="114" count="1" type="stmt"/>
      <line num="115" count="18" type="cond" truecount="4" falsecount="0"/>
      <line num="118" count="1" type="stmt"/>
      <line num="120" count="18" type="cond" truecount="1" falsecount="1"/>
      <line num="125" count="1" type="stmt"/>
      <line num="126" count="18" type="cond" truecount="1" falsecount="1"/>
      <line num="127" count="0" type="stmt"/>
      <line num="130" count="1" type="stmt"/>
      <line num="131" count="0" type="cond" truecount="0" falsecount="2"/>
      <line num="132" count="0" type="stmt"/>
      <line num="133" count="0" type="stmt"/>
      <line num="134" count="0" type="cond" truecount="0" falsecount="2"/>
      <line num="135" count="0" type="stmt"/>
      <line num="136" count="0" type="cond" truecount="0" falsecount="3"/>
      <line num="139" count="0" type="stmt"/>
      <line num="140" count="0" type="stmt"/>
      <line num="143" count="0" type="cond" truecount="0" falsecount="2"/>
      <line num="144" count="0" type="stmt"/>
      <line num="146" count="0" type="stmt"/>
      <line num="148" count="0" type="stmt"/>
      <line num="150" count="0" type="stmt"/>
      <line num="156" count="0" type="stmt"/>
      <line num="158" count="0" type="stmt"/>
      <line num="162" count="0" type="stmt"/>
      <line num="166" count="1" type="stmt"/>
      <line num="168" count="0" type="cond" truecount="0" falsecount="2"/>
      <line num="170" count="0" type="stmt"/>
      <line num="171" count="0" type="stmt"/>
      <line num="172" count="0" type="cond" truecount="0" falsecount="1"/>
      <line num="173" count="0" type="stmt"/>
      <line num="175" count="0" type="cond" truecount="0" falsecount="1"/>
      <line num="177" count="0" type="cond" truecount="0" falsecount="2"/>
      <line num="179" count="0" type="stmt"/>
      <line num="180" count="0" type="stmt"/>
      <line num="184" count="0" type="stmt"/>
      <line num="186" count="0" type="stmt"/>
      <line num="189" count="1" type="stmt"/>
      <line num="190" count="18" type="stmt"/>
      <line num="191" count="0" type="stmt"/>
      <line num="195" count="1" type="cond" truecount="1" falsecount="0"/>
      <line num="197" count="18" type="cond" truecount="1" falsecount="2"/>
      <line num="199" count="0" type="stmt"/>
      <line num="200" count="0" type="stmt"/>
      <line num="202" count="18" type="stmt"/>
      <line num="203" count="18" type="stmt"/>
      <line num="205" count="0" type="stmt"/>
      <line num="206" count="0" type="stmt"/>
      <line num="207" count="0" type="stmt"/>
      <line num="209" count="18" type="cond" truecount="1" falsecount="1"/>
      <line num="210" count="18" type="stmt"/>
      <line num="213" count="1" type="stmt"/>
      <line num="214" count="18" type="stmt"/>
      <line num="215" count="18" type="stmt"/>
      <line num="217" count="18" type="cond" truecount="3" falsecount="0"/>
      <line num="219" count="18" type="stmt"/>
      <line num="220" count="22" type="stmt"/>
      <line num="224" count="22" type="cond" truecount="3" falsecount="0"/>
      <line num="234" count="12" type="cond" truecount="2" falsecount="0"/>
      <line num="235" count="6" type="cond" truecount="2" falsecount="0"/>
      <line num="236" count="3" type="stmt"/>
      <line num="238" count="3" type="stmt"/>
      <line num="240" count="6" type="cond" truecount="4" falsecount="0"/>
      <line num="241" count="5" type="stmt"/>
      <line num="243" count="1" type="stmt"/>
      <line num="247" count="18" type="stmt"/>
      <line num="281" count="1" type="stmt"/>
      <line num="282" count="0" type="stmt"/>
      <line num="283" count="0" type="cond" truecount="0" falsecount="4"/>
      <line num="284" count="0" type="stmt"/>
      <line num="287" count="0" type="cond" truecount="0" falsecount="1"/>
      <line num="288" count="0" type="stmt"/>
      <line num="289" count="0" type="stmt"/>
      <line num="290" count="0" type="stmt"/>
      <line num="297" count="1" type="stmt"/>
      <line num="301" count="0" type="cond" truecount="0" falsecount="1"/>
      <line num="302" count="0" type="stmt"/>
      <line num="303" count="0" type="cond" truecount="0" falsecount="1"/>
      <line num="308" count="1" type="stmt"/>
      <line num="309" count="0" type="cond" truecount="0" falsecount="1"/>
      <line num="310" count="0" type="cond" truecount="0" falsecount="1"/>
      <line num="313" count="1" type="stmt"/>
      <line num="315" count="0" type="stmt"/>
      <line num="316" count="0" type="stmt"/>
      <line num="320" count="1" type="stmt"/>
      <line num="322" count="0" type="cond" truecount="0" falsecount="2"/>
      <line num="325" count="0" type="stmt"/>
      <line num="326" count="0" type="stmt"/>
      <line num="328" count="0" type="cond" truecount="0" falsecount="1"/>
      <line num="331" count="1" type="stmt"/>
      <line num="332" count="0" type="stmt"/>
      <line num="333" count="0" type="cond" truecount="0" falsecount="2"/>
      <line num="336" count="1" type="stmt"/>
      <line num="337" count="18" type="stmt"/>
      <line num="347" count="1" type="stmt"/>
      <line num="348" count="9" type="stmt"/>
      <line num="349" count="9" type="stmt"/>
      <line num="359" count="1" type="stmt"/>
      <line num="360" count="55" type="stmt"/>
      <line num="361" count="55" type="stmt"/>
      <line num="362" count="55" type="stmt"/>
      <line num="365" count="55" type="cond" truecount="6" falsecount="0"/>
      <line num="366" count="37" type="stmt"/>
      <line num="369" count="18" type="stmt"/>
      <line num="370" count="18" type="stmt"/>
      <line num="372" count="55" type="stmt"/>
      <line num="373" count="33" type="stmt"/>
      <line num="374" count="33" type="stmt"/>
      <line num="375" count="33" type="cond" truecount="6" falsecount="1"/>
      <line num="377" count="55" type="stmt"/>
      <line num="382" count="55" type="stmt"/>
      <line num="383" count="55" type="stmt"/>
      <line num="386" count="1" type="stmt"/>
      <line num="389" count="1" type="stmt"/>
      <line num="390" count="0" type="cond" truecount="0" falsecount="1"/>
      <line num="391" count="0" type="cond" truecount="0" falsecount="1"/>
      <line num="396" count="0" type="stmt"/>
      <line num="411" count="0" type="stmt"/>
      <line num="420" count="1" type="stmt"/>
      <line num="421" count="0" type="stmt"/>
      <line num="428" count="1" type="stmt"/>
      <line num="430" count="19" type="stmt"/>
      <line num="431" count="19" type="stmt"/>
      <line num="433" count="19" type="cond" truecount="3" falsecount="0"/>
      <line num="435" count="19" type="stmt"/>
      <line num="437" count="19" type="stmt"/>
      <line num="439" count="24" type="stmt"/>
      <line num="441" count="19" type="stmt"/>
      <line num="540" count="1" type="stmt"/>
      <line num="542" count="1" type="stmt"/>
      <line num="543" count="1" type="stmt"/>
      <line num="545" count="0" type="stmt"/>
      <line num="547" count="1" type="stmt"/>
      <line num="549" count="1" type="stmt"/>
      <line num="550" count="1" type="stmt"/>
      <line num="553" count="1" type="stmt"/>
      <line num="559" count="1" type="stmt"/>
      <line num="567" count="18" type="stmt"/>
      <line num="569" count="18" type="stmt"/>
    </file>
  </project>
</coverage>
