{"/Users/dbarber/Development/Zenith.js/src/index.ts": {"path":"/Users/dbarber/Development/Zenith.js/src/index.ts","statementMap":{"0":{"start":{"line":21,"column":14},"end":{"line":21,"column":26}},"1":{"start":{"line":52,"column":12},"end":{"line":52,"column":28}},"2":{"start":{"line":54,"column":16},"end":{"line":54,"column":17}},"3":{"start":{"line":59,"column":27},"end":{"line":62,"column":2}},"4":{"start":{"line":65,"column":33},"end":{"line":65,"column":74}},"5":{"start":{"line":68,"column":22},"end":{"line":68,"column":37}},"6":{"start":{"line":71,"column":24},"end":{"line":81,"column":2}},"7":{"start":{"line":84,"column":28},"end":{"line":84,"column":45}},"8":{"start":{"line":87,"column":20},"end":{"line":87,"column":29}},"9":{"start":{"line":88,"column":25},"end":{"line":88,"column":27}},"10":{"start":{"line":90,"column":26},"end":{"line":108,"column":1}},"11":{"start":{"line":91,"column":44},"end":{"line":91,"column":85}},"12":{"start":{"line":92,"column":21},"end":{"line":92,"column":42}},"13":{"start":{"line":93,"column":18},"end":{"line":93,"column":161}},"14":{"start":{"line":95,"column":2},"end":{"line":97,"column":5}},"15":{"start":{"line":96,"column":4},"end":{"line":96,"column":78}},"16":{"start":{"line":96,"column":45},"end":{"line":96,"column":78}},"17":{"start":{"line":98,"column":2},"end":{"line":98,"column":32}},"18":{"start":{"line":98,"column":14},"end":{"line":98,"column":32}},"19":{"start":{"line":99,"column":2},"end":{"line":106,"column":null}},"20":{"start":{"line":100,"column":4},"end":{"line":105,"column":null}},"21":{"start":{"line":100,"column":16},"end":{"line":100,"column":17}},"22":{"start":{"line":101,"column":20},"end":{"line":101,"column":43}},"23":{"start":{"line":102,"column":6},"end":{"line":104,"column":null}},"24":{"start":{"line":103,"column":8},"end":{"line":103,"column":145}},"25":{"start":{"line":103,"column":78},"end":{"line":103,"column":145}},"26":{"start":{"line":107,"column":2},"end":{"line":107,"column":28}},"27":{"start":{"line":110,"column":35},"end":{"line":112,"column":1}},"28":{"start":{"line":111,"column":2},"end":{"line":111,"column":137}},"29":{"start":{"line":114,"column":21},"end":{"line":116,"column":1}},"30":{"start":{"line":115,"column":2},"end":{"line":115,"column":81}},"31":{"start":{"line":118,"column":19},"end":{"line":123,"column":1}},"32":{"start":{"line":120,"column":2},"end":{"line":122,"column":57}},"33":{"start":{"line":125,"column":13},"end":{"line":128,"column":1}},"34":{"start":{"line":126,"column":2},"end":{"line":127,"column":89}},"35":{"start":{"line":126,"column":20},"end":{"line":126,"column":92}},"36":{"start":{"line":127,"column":7},"end":{"line":127,"column":89}},"37":{"start":{"line":130,"column":20},"end":{"line":164,"column":1}},"38":{"start":{"line":131,"column":2},"end":{"line":163,"column":null}},"39":{"start":{"line":132,"column":25},"end":{"line":132,"column":38}},"40":{"start":{"line":133,"column":25},"end":{"line":133,"column":38}},"41":{"start":{"line":134,"column":4},"end":{"line":159,"column":null}},"42":{"start":{"line":135,"column":6},"end":{"line":135,"column":34}},"43":{"start":{"line":136,"column":6},"end":{"line":154,"column":null}},"44":{"start":{"line":139,"column":10},"end":{"line":139,"column":101}},"45":{"start":{"line":140,"column":10},"end":{"line":140,"column":16}},"46":{"start":{"line":143,"column":10},"end":{"line":147,"column":null}},"47":{"start":{"line":144,"column":12},"end":{"line":144,"column":53}},"48":{"start":{"line":146,"column":12},"end":{"line":146,"column":53}},"49":{"start":{"line":148,"column":10},"end":{"line":148,"column":16}},"50":{"start":{"line":150,"column":11},"end":{"line":150,"column":99}},"51":{"start":{"line":156,"column":6},"end":{"line":156,"column":39}},"52":{"start":{"line":158,"column":6},"end":{"line":158,"column":43}},"53":{"start":{"line":162,"column":4},"end":{"line":162,"column":41}},"54":{"start":{"line":166,"column":23},"end":{"line":187,"column":1}},"55":{"start":{"line":168,"column":2},"end":{"line":185,"column":null}},"56":{"start":{"line":170,"column":30},"end":{"line":170,"column":48}},"57":{"start":{"line":171,"column":30},"end":{"line":171,"column":48}},"58":{"start":{"line":172,"column":4},"end":{"line":174,"column":null}},"59":{"start":{"line":173,"column":6},"end":{"line":173,"column":81}},"60":{"start":{"line":175,"column":6},"end":{"line":182,"column":null}},"61":{"start":{"line":177,"column":24},"end":{"line":177,"column":109}},"62":{"start":{"line":179,"column":8},"end":{"line":181,"column":null}},"63":{"start":{"line":179,"column":20},"end":{"line":179,"column":21}},"64":{"start":{"line":180,"column":10},"end":{"line":180,"column":69}},"65":{"start":{"line":184,"column":6},"end":{"line":184,"column":73}},"66":{"start":{"line":186,"column":4},"end":{"line":186,"column":23}},"67":{"start":{"line":189,"column":21},"end":{"line":193,"column":1}},"68":{"start":{"line":190,"column":2},"end":{"line":192,"column":null}},"69":{"start":{"line":191,"column":4},"end":{"line":191,"column":59}},"70":{"start":{"line":195,"column":20},"end":{"line":211,"column":1}},"71":{"start":{"line":197,"column":2},"end":{"line":208,"column":null}},"72":{"start":{"line":199,"column":6},"end":{"line":199,"column":57}},"73":{"start":{"line":200,"column":6},"end":{"line":200,"column":12}},"74":{"start":{"line":202,"column":6},"end":{"line":202,"column":55}},"75":{"start":{"line":203,"column":6},"end":{"line":203,"column":12}},"76":{"start":{"line":205,"column":6},"end":{"line":205,"column":33}},"77":{"start":{"line":206,"column":6},"end":{"line":206,"column":53}},"78":{"start":{"line":207,"column":6},"end":{"line":207,"column":12}},"79":{"start":{"line":209,"column":2},"end":{"line":210,"column":40}},"80":{"start":{"line":209,"column":42},"end":{"line":209,"column":105}},"81":{"start":{"line":210,"column":7},"end":{"line":210,"column":40}},"82":{"start":{"line":213,"column":22},"end":{"line":248,"column":1}},"83":{"start":{"line":214,"column":2},"end":{"line":214,"column":31}},"84":{"start":{"line":215,"column":23},"end":{"line":215,"column":76}},"85":{"start":{"line":217,"column":2},"end":{"line":217,"column":100}},"86":{"start":{"line":217,"column":57},"end":{"line":217,"column":100}},"87":{"start":{"line":219,"column":2},"end":{"line":246,"column":null}},"88":{"start":{"line":220,"column":16},"end":{"line":220,"column":33}},"89":{"start":{"line":224,"column":4},"end":{"line":245,"column":null}},"90":{"start":{"line":234,"column":6},"end":{"line":244,"column":null}},"91":{"start":{"line":235,"column":8},"end":{"line":239,"column":null}},"92":{"start":{"line":236,"column":10},"end":{"line":236,"column":39}},"93":{"start":{"line":238,"column":10},"end":{"line":238,"column":36}},"94":{"start":{"line":240,"column":13},"end":{"line":244,"column":null}},"95":{"start":{"line":241,"column":8},"end":{"line":241,"column":24}},"96":{"start":{"line":243,"column":8},"end":{"line":243,"column":36}},"97":{"start":{"line":247,"column":2},"end":{"line":247,"column":69}},"98":{"start":{"line":281,"column":24},"end":{"line":295,"column":3}},"99":{"start":{"line":282,"column":4},"end":{"line":285,"column":null}},"100":{"start":{"line":283,"column":6},"end":{"line":284,"column":54}},"101":{"start":{"line":283,"column":44},"end":{"line":283,"column":82}},"102":{"start":{"line":284,"column":11},"end":{"line":284,"column":54}},"103":{"start":{"line":287,"column":4},"end":{"line":287,"column":45}},"104":{"start":{"line":287,"column":23},"end":{"line":287,"column":45}},"105":{"start":{"line":288,"column":4},"end":{"line":288,"column":50}},"106":{"start":{"line":289,"column":4},"end":{"line":289,"column":57}},"107":{"start":{"line":290,"column":4},"end":{"line":290,"column":77}},"108":{"start":{"line":297,"column":24},"end":{"line":305,"column":1}},"109":{"start":{"line":301,"column":2},"end":{"line":304,"column":null}},"110":{"start":{"line":302,"column":4},"end":{"line":302,"column":120}},"111":{"start":{"line":303,"column":4},"end":{"line":303,"column":47}},"112":{"start":{"line":303,"column":24},"end":{"line":303,"column":47}},"113":{"start":{"line":308,"column":25},"end":{"line":311,"column":1}},"114":{"start":{"line":309,"column":2},"end":{"line":309,"column":46}},"115":{"start":{"line":309,"column":25},"end":{"line":309,"column":46}},"116":{"start":{"line":310,"column":2},"end":{"line":310,"column":49}},"117":{"start":{"line":310,"column":24},"end":{"line":310,"column":49}},"118":{"start":{"line":313,"column":21},"end":{"line":318,"column":1}},"119":{"start":{"line":315,"column":2},"end":{"line":317,"column":null}},"120":{"start":{"line":316,"column":4},"end":{"line":316,"column":46}},"121":{"start":{"line":320,"column":20},"end":{"line":329,"column":1}},"122":{"start":{"line":322,"column":2},"end":{"line":327,"column":null}},"123":{"start":{"line":325,"column":6},"end":{"line":325,"column":72}},"124":{"start":{"line":326,"column":6},"end":{"line":326,"column":12}},"125":{"start":{"line":328,"column":2},"end":{"line":328,"column":47}},"126":{"start":{"line":328,"column":28},"end":{"line":328,"column":47}},"127":{"start":{"line":331,"column":21},"end":{"line":334,"column":1}},"128":{"start":{"line":332,"column":19},"end":{"line":332,"column":45}},"129":{"start":{"line":333,"column":2},"end":{"line":333,"column":83}},"130":{"start":{"line":336,"column":17},"end":{"line":338,"column":1}},"131":{"start":{"line":337,"column":2},"end":{"line":337,"column":46}},"132":{"start":{"line":337,"column":23},"end":{"line":337,"column":46}},"133":{"start":{"line":347,"column":13},"end":{"line":353,"column":1}},"134":{"start":{"line":348,"column":15},"end":{"line":348,"column":27}},"135":{"start":{"line":349,"column":2},"end":{"line":352,"column":4}},"136":{"start":{"line":359,"column":4},"end":{"line":384,"column":1}},"137":{"start":{"line":360,"column":30},"end":{"line":360,"column":32}},"138":{"start":{"line":361,"column":14},"end":{"line":361,"column":15}},"139":{"start":{"line":362,"column":14},"end":{"line":362,"column":25}},"140":{"start":{"line":365,"column":2},"end":{"line":371,"column":null}},"141":{"start":{"line":366,"column":4},"end":{"line":366,"column":32}},"142":{"start":{"line":369,"column":4},"end":{"line":369,"column":54}},"143":{"start":{"line":370,"column":4},"end":{"line":370,"column":12}},"144":{"start":{"line":372,"column":2},"end":{"line":376,"column":null}},"145":{"start":{"line":373,"column":18},"end":{"line":373,"column":31}},"146":{"start":{"line":374,"column":22},"end":{"line":374,"column":34}},"147":{"start":{"line":375,"column":4},"end":{"line":375,"column":136}},"148":{"start":{"line":377,"column":26},"end":{"line":381,"column":4}},"149":{"start":{"line":382,"column":2},"end":{"line":382,"column":54}},"150":{"start":{"line":383,"column":2},"end":{"line":383,"column":15}},"151":{"start":{"line":386,"column":29},"end":{"line":386,"column":139}},"152":{"start":{"line":386,"column":100},"end":{"line":386,"column":139}},"153":{"start":{"line":389,"column":16},"end":{"line":412,"column":1}},"154":{"start":{"line":390,"column":2},"end":{"line":395,"column":null}},"155":{"start":{"line":391,"column":4},"end":{"line":391,"column":107}},"156":{"start":{"line":391,"column":44},"end":{"line":391,"column":107}},"157":{"start":{"line":396,"column":40},"end":{"line":396,"column":67}},"158":{"start":{"line":411,"column":2},"end":{"line":411,"column":19}},"159":{"start":{"line":420,"column":13},"end":{"line":426,"column":1}},"160":{"start":{"line":421,"column":2},"end":{"line":425,"column":null}},"161":{"start":{"line":428,"column":13},"end":{"line":447,"column":1}},"162":{"start":{"line":430,"column":14},"end":{"line":430,"column":36}},"163":{"start":{"line":431,"column":18},"end":{"line":431,"column":44}},"164":{"start":{"line":433,"column":22},"end":{"line":433,"column":93}},"165":{"start":{"line":435,"column":2},"end":{"line":435,"column":32}},"166":{"start":{"line":437,"column":2},"end":{"line":440,"column":null}},"167":{"start":{"line":439,"column":4},"end":{"line":439,"column":44}},"168":{"start":{"line":441,"column":2},"end":{"line":446,"column":4}},"169":{"start":{"line":540,"column":13},"end":{"line":551,"column":1}},"170":{"start":{"line":542,"column":2},"end":{"line":542,"column":14}},"171":{"start":{"line":543,"column":2},"end":{"line":546,"column":7}},"172":{"start":{"line":545,"column":6},"end":{"line":545,"column":47}},"173":{"start":{"line":547,"column":2},"end":{"line":547,"column":22}},"174":{"start":{"line":549,"column":2},"end":{"line":549,"column":59}},"175":{"start":{"line":549,"column":36},"end":{"line":549,"column":57}},"176":{"start":{"line":550,"column":2},"end":{"line":550,"column":37}},"177":{"start":{"line":553,"column":0},"end":{"line":553,"column":7}},"178":{"start":{"line":559,"column":0},"end":{"line":571,"column":2}},"179":{"start":{"line":567,"column":4},"end":{"line":567,"column":18}},"180":{"start":{"line":569,"column":4},"end":{"line":569,"column":21}}},"fnMap":{"0":{"name":"(anonymous_0)","decl":{"start":{"line":90,"column":26},"end":{"line":90,"column":27}},"loc":{"start":{"line":90,"column":88},"end":{"line":108,"column":1}}},"1":{"name":"(anonymous_1)","decl":{"start":{"line":95,"column":29},"end":{"line":95,"column":30}},"loc":{"start":{"line":95,"column":46},"end":{"line":97,"column":3}}},"2":{"name":"(anonymous_2)","decl":{"start":{"line":110,"column":35},"end":{"line":110,"column":36}},"loc":{"start":{"line":110,"column":83},"end":{"line":112,"column":1}}},"3":{"name":"(anonymous_3)","decl":{"start":{"line":114,"column":21},"end":{"line":114,"column":22}},"loc":{"start":{"line":114,"column":84},"end":{"line":116,"column":1}}},"4":{"name":"(anonymous_4)","decl":{"start":{"line":118,"column":19},"end":{"line":118,"column":20}},"loc":{"start":{"line":118,"column":68},"end":{"line":123,"column":1}}},"5":{"name":"(anonymous_5)","decl":{"start":{"line":125,"column":13},"end":{"line":125,"column":14}},"loc":{"start":{"line":125,"column":83},"end":{"line":128,"column":1}}},"6":{"name":"(anonymous_6)","decl":{"start":{"line":130,"column":20},"end":{"line":130,"column":21}},"loc":{"start":{"line":130,"column":116},"end":{"line":164,"column":1}}},"7":{"name":"(anonymous_7)","decl":{"start":{"line":166,"column":23},"end":{"line":166,"column":24}},"loc":{"start":{"line":166,"column":148},"end":{"line":187,"column":1}}},"8":{"name":"(anonymous_8)","decl":{"start":{"line":189,"column":21},"end":{"line":189,"column":22}},"loc":{"start":{"line":189,"column":150},"end":{"line":193,"column":1}}},"9":{"name":"(anonymous_9)","decl":{"start":{"line":195,"column":20},"end":{"line":195,"column":21}},"loc":{"start":{"line":195,"column":116},"end":{"line":211,"column":1}}},"10":{"name":"(anonymous_10)","decl":{"start":{"line":213,"column":22},"end":{"line":213,"column":23}},"loc":{"start":{"line":213,"column":99},"end":{"line":248,"column":1}}},"11":{"name":"(anonymous_11)","decl":{"start":{"line":281,"column":24},"end":{"line":281,"column":25}},"loc":{"start":{"line":281,"column":96},"end":{"line":295,"column":3}}},"12":{"name":"(anonymous_12)","decl":{"start":{"line":282,"column":19},"end":{"line":282,"column":22}},"loc":{"start":{"line":282,"column":25},"end":{"line":285,"column":5}}},"13":{"name":"(anonymous_13)","decl":{"start":{"line":297,"column":24},"end":{"line":297,"column":25}},"loc":{"start":{"line":297,"column":102},"end":{"line":305,"column":1}}},"14":{"name":"(anonymous_14)","decl":{"start":{"line":308,"column":25},"end":{"line":308,"column":26}},"loc":{"start":{"line":308,"column":71},"end":{"line":311,"column":1}}},"15":{"name":"(anonymous_15)","decl":{"start":{"line":313,"column":21},"end":{"line":313,"column":22}},"loc":{"start":{"line":313,"column":122},"end":{"line":318,"column":1}}},"16":{"name":"(anonymous_16)","decl":{"start":{"line":320,"column":20},"end":{"line":320,"column":21}},"loc":{"start":{"line":320,"column":85},"end":{"line":329,"column":1}}},"17":{"name":"(anonymous_17)","decl":{"start":{"line":331,"column":21},"end":{"line":331,"column":22}},"loc":{"start":{"line":331,"column":93},"end":{"line":334,"column":1}}},"18":{"name":"(anonymous_18)","decl":{"start":{"line":336,"column":17},"end":{"line":336,"column":18}},"loc":{"start":{"line":336,"column":40},"end":{"line":338,"column":1}}},"19":{"name":"(anonymous_19)","decl":{"start":{"line":347,"column":13},"end":{"line":347,"column":14}},"loc":{"start":{"line":347,"column":60},"end":{"line":353,"column":1}}},"20":{"name":"(anonymous_20)","decl":{"start":{"line":359,"column":4},"end":{"line":359,"column":5}},"loc":{"start":{"line":359,"column":45},"end":{"line":384,"column":1}}},"21":{"name":"(anonymous_21)","decl":{"start":{"line":386,"column":29},"end":{"line":386,"column":30}},"loc":{"start":{"line":386,"column":100},"end":{"line":386,"column":139}}},"22":{"name":"(anonymous_22)","decl":{"start":{"line":389,"column":16},"end":{"line":389,"column":17}},"loc":{"start":{"line":389,"column":71},"end":{"line":412,"column":1}}},"23":{"name":"(anonymous_23)","decl":{"start":{"line":420,"column":13},"end":{"line":420,"column":14}},"loc":{"start":{"line":420,"column":98},"end":{"line":426,"column":1}}},"24":{"name":"(anonymous_24)","decl":{"start":{"line":428,"column":13},"end":{"line":428,"column":14}},"loc":{"start":{"line":428,"column":42},"end":{"line":447,"column":1}}},"25":{"name":"(anonymous_25)","decl":{"start":{"line":540,"column":13},"end":{"line":540,"column":22}},"loc":{"start":{"line":540,"column":24},"end":{"line":551,"column":1}}},"26":{"name":"(anonymous_26)","decl":{"start":{"line":543,"column":22},"end":{"line":543,"column":23}},"loc":{"start":{"line":543,"column":37},"end":{"line":546,"column":5}}},"27":{"name":"(anonymous_27)","decl":{"start":{"line":549,"column":27},"end":{"line":549,"column":32}},"loc":{"start":{"line":549,"column":36},"end":{"line":549,"column":57}}},"28":{"name":"(anonymous_28)","decl":{"start":{"line":566,"column":2},"end":{"line":566,"column":6}},"loc":{"start":{"line":566,"column":36},"end":{"line":570,"column":3}}}},"branchMap":{"0":{"loc":{"start":{"line":93,"column":18},"end":{"line":93,"column":161}},"type":"cond-expr","locations":[{"start":{"line":93,"column":149},"end":{"line":93,"column":154}},{"start":{"line":93,"column":157},"end":{"line":93,"column":161}}]},"1":{"loc":{"start":{"line":93,"column":18},"end":{"line":93,"column":146}},"type":"binary-expr","locations":[{"start":{"line":93,"column":18},"end":{"line":93,"column":29}},{"start":{"line":93,"column":33},"end":{"line":93,"column":64}},{"start":{"line":93,"column":68},"end":{"line":93,"column":103}},{"start":{"line":93,"column":107},"end":{"line":93,"column":146}}]},"2":{"loc":{"start":{"line":96,"column":4},"end":{"line":96,"column":78}},"type":"if","locations":[{"start":{"line":96,"column":4},"end":{"line":96,"column":78}}]},"3":{"loc":{"start":{"line":96,"column":7},"end":{"line":96,"column":43}},"type":"binary-expr","locations":[{"start":{"line":96,"column":7},"end":{"line":96,"column":13}},{"start":{"line":96,"column":17},"end":{"line":96,"column":43}}]},"4":{"loc":{"start":{"line":98,"column":2},"end":{"line":98,"column":32}},"type":"if","locations":[{"start":{"line":98,"column":2},"end":{"line":98,"column":32}}]},"5":{"loc":{"start":{"line":99,"column":2},"end":{"line":106,"column":null}},"type":"if","locations":[{"start":{"line":99,"column":2},"end":{"line":106,"column":null}}]},"6":{"loc":{"start":{"line":102,"column":6},"end":{"line":104,"column":null}},"type":"if","locations":[{"start":{"line":102,"column":6},"end":{"line":104,"column":null}}]},"7":{"loc":{"start":{"line":102,"column":10},"end":{"line":102,"column":103}},"type":"binary-expr","locations":[{"start":{"line":102,"column":10},"end":{"line":102,"column":54}},{"start":{"line":102,"column":59},"end":{"line":102,"column":103}}]},"8":{"loc":{"start":{"line":103,"column":8},"end":{"line":103,"column":145}},"type":"if","locations":[{"start":{"line":103,"column":8},"end":{"line":103,"column":145}}]},"9":{"loc":{"start":{"line":111,"column":9},"end":{"line":111,"column":136}},"type":"cond-expr","locations":[{"start":{"line":111,"column":35},"end":{"line":111,"column":124}},{"start":{"line":111,"column":127},"end":{"line":111,"column":136}}]},"10":{"loc":{"start":{"line":111,"column":9},"end":{"line":111,"column":32}},"type":"binary-expr","locations":[{"start":{"line":111,"column":9},"end":{"line":111,"column":12}},{"start":{"line":111,"column":16},"end":{"line":111,"column":32}}]},"11":{"loc":{"start":{"line":111,"column":55},"end":{"line":111,"column":99}},"type":"binary-expr","locations":[{"start":{"line":111,"column":55},"end":{"line":111,"column":92}},{"start":{"line":111,"column":96},"end":{"line":111,"column":99}}]},"12":{"loc":{"start":{"line":115,"column":9},"end":{"line":115,"column":80}},"type":"binary-expr","locations":[{"start":{"line":115,"column":9},"end":{"line":115,"column":20}},{"start":{"line":115,"column":24},"end":{"line":115,"column":41}},{"start":{"line":115,"column":45},"end":{"line":115,"column":74}},{"start":{"line":115,"column":78},"end":{"line":115,"column":80}}]},"13":{"loc":{"start":{"line":120,"column":9},"end":{"line":122,"column":56}},"type":"cond-expr","locations":[{"start":{"line":121,"column":6},"end":{"line":121,"column":62}},{"start":{"line":122,"column":6},"end":{"line":122,"column":56}}]},"14":{"loc":{"start":{"line":121,"column":41},"end":{"line":121,"column":61}},"type":"cond-expr","locations":[{"start":{"line":121,"column":46},"end":{"line":121,"column":54}},{"start":{"line":121,"column":57},"end":{"line":121,"column":61}}]},"15":{"loc":{"start":{"line":122,"column":35},"end":{"line":122,"column":55}},"type":"cond-expr","locations":[{"start":{"line":122,"column":40},"end":{"line":122,"column":48}},{"start":{"line":122,"column":51},"end":{"line":122,"column":55}}]},"16":{"loc":{"start":{"line":126,"column":2},"end":{"line":127,"column":89}},"type":"if","locations":[{"start":{"line":126,"column":2},"end":{"line":127,"column":89}},{"start":{"line":127,"column":7},"end":{"line":127,"column":89}}]},"17":{"loc":{"start":{"line":131,"column":2},"end":{"line":163,"column":null}},"type":"if","locations":[{"start":{"line":131,"column":2},"end":{"line":163,"column":null}},{"start":{"line":160,"column":9},"end":{"line":163,"column":null}}]},"18":{"loc":{"start":{"line":134,"column":4},"end":{"line":159,"column":null}},"type":"if","locations":[{"start":{"line":134,"column":4},"end":{"line":159,"column":null}},{"start":{"line":155,"column":11},"end":{"line":159,"column":null}}]},"19":{"loc":{"start":{"line":136,"column":6},"end":{"line":154,"column":null}},"type":"switch","locations":[{"start":{"line":137,"column":8},"end":{"line":140,"column":16}},{"start":{"line":141,"column":8},"end":{"line":148,"column":16}},{"start":{"line":149,"column":8},"end":{"line":150,"column":99}}]},"20":{"loc":{"start":{"line":143,"column":10},"end":{"line":147,"column":null}},"type":"if","locations":[{"start":{"line":143,"column":10},"end":{"line":147,"column":null}},{"start":{"line":145,"column":17},"end":{"line":147,"column":null}}]},"21":{"loc":{"start":{"line":168,"column":2},"end":{"line":185,"column":null}},"type":"if","locations":[{"start":{"line":168,"column":2},"end":{"line":185,"column":null}},{"start":{"line":183,"column":11},"end":{"line":185,"column":null}}]},"22":{"loc":{"start":{"line":172,"column":4},"end":{"line":174,"column":null}},"type":"if","locations":[{"start":{"line":172,"column":4},"end":{"line":174,"column":null}}]},"23":{"loc":{"start":{"line":175,"column":6},"end":{"line":182,"column":null}},"type":"if","locations":[{"start":{"line":175,"column":6},"end":{"line":182,"column":null}}]},"24":{"loc":{"start":{"line":177,"column":24},"end":{"line":177,"column":109}},"type":"binary-expr","locations":[{"start":{"line":177,"column":24},"end":{"line":177,"column":63}},{"start":{"line":177,"column":67},"end":{"line":177,"column":109}}]},"25":{"loc":{"start":{"line":195,"column":89},"end":{"line":195,"column":106}},"type":"default-arg","locations":[{"start":{"line":195,"column":105},"end":{"line":195,"column":106}}]},"26":{"loc":{"start":{"line":197,"column":2},"end":{"line":208,"column":null}},"type":"switch","locations":[{"start":{"line":198,"column":4},"end":{"line":200,"column":12}},{"start":{"line":201,"column":4},"end":{"line":203,"column":12}},{"start":{"line":204,"column":4},"end":{"line":207,"column":12}}]},"27":{"loc":{"start":{"line":209,"column":2},"end":{"line":210,"column":40}},"type":"if","locations":[{"start":{"line":209,"column":2},"end":{"line":210,"column":40}},{"start":{"line":210,"column":7},"end":{"line":210,"column":40}}]},"28":{"loc":{"start":{"line":217,"column":2},"end":{"line":217,"column":100}},"type":"if","locations":[{"start":{"line":217,"column":2},"end":{"line":217,"column":100}}]},"29":{"loc":{"start":{"line":217,"column":6},"end":{"line":217,"column":55}},"type":"binary-expr","locations":[{"start":{"line":217,"column":6},"end":{"line":217,"column":27}},{"start":{"line":217,"column":31},"end":{"line":217,"column":55}}]},"30":{"loc":{"start":{"line":224,"column":4},"end":{"line":245,"column":null}},"type":"if","locations":[{"start":{"line":224,"column":4},"end":{"line":245,"column":null}}]},"31":{"loc":{"start":{"line":224,"column":7},"end":{"line":224,"column":37}},"type":"binary-expr","locations":[{"start":{"line":224,"column":7},"end":{"line":224,"column":18}},{"start":{"line":224,"column":22},"end":{"line":224,"column":37}}]},"32":{"loc":{"start":{"line":234,"column":6},"end":{"line":244,"column":null}},"type":"if","locations":[{"start":{"line":234,"column":6},"end":{"line":244,"column":null}},{"start":{"line":240,"column":13},"end":{"line":244,"column":null}}]},"33":{"loc":{"start":{"line":235,"column":8},"end":{"line":239,"column":null}},"type":"if","locations":[{"start":{"line":235,"column":8},"end":{"line":239,"column":null}},{"start":{"line":237,"column":15},"end":{"line":239,"column":null}}]},"34":{"loc":{"start":{"line":240,"column":13},"end":{"line":244,"column":null}},"type":"if","locations":[{"start":{"line":240,"column":13},"end":{"line":244,"column":null}},{"start":{"line":242,"column":13},"end":{"line":244,"column":null}}]},"35":{"loc":{"start":{"line":240,"column":16},"end":{"line":240,"column":50}},"type":"binary-expr","locations":[{"start":{"line":240,"column":16},"end":{"line":240,"column":31}},{"start":{"line":240,"column":35},"end":{"line":240,"column":50}}]},"36":{"loc":{"start":{"line":283,"column":6},"end":{"line":284,"column":54}},"type":"if","locations":[{"start":{"line":283,"column":6},"end":{"line":284,"column":54}},{"start":{"line":284,"column":11},"end":{"line":284,"column":54}}]},"37":{"loc":{"start":{"line":283,"column":9},"end":{"line":283,"column":42}},"type":"binary-expr","locations":[{"start":{"line":283,"column":9},"end":{"line":283,"column":12}},{"start":{"line":283,"column":16},"end":{"line":283,"column":42}}]},"38":{"loc":{"start":{"line":287,"column":4},"end":{"line":287,"column":45}},"type":"if","locations":[{"start":{"line":287,"column":4},"end":{"line":287,"column":45}}]},"39":{"loc":{"start":{"line":301,"column":2},"end":{"line":304,"column":null}},"type":"if","locations":[{"start":{"line":301,"column":2},"end":{"line":304,"column":null}}]},"40":{"loc":{"start":{"line":303,"column":4},"end":{"line":303,"column":47}},"type":"if","locations":[{"start":{"line":303,"column":4},"end":{"line":303,"column":47}}]},"41":{"loc":{"start":{"line":309,"column":2},"end":{"line":309,"column":46}},"type":"if","locations":[{"start":{"line":309,"column":2},"end":{"line":309,"column":46}}]},"42":{"loc":{"start":{"line":310,"column":2},"end":{"line":310,"column":49}},"type":"if","locations":[{"start":{"line":310,"column":2},"end":{"line":310,"column":49}}]},"43":{"loc":{"start":{"line":322,"column":2},"end":{"line":327,"column":null}},"type":"switch","locations":[{"start":{"line":323,"column":4},"end":{"line":323,"column":25}},{"start":{"line":324,"column":4},"end":{"line":326,"column":12}}]},"44":{"loc":{"start":{"line":328,"column":2},"end":{"line":328,"column":47}},"type":"if","locations":[{"start":{"line":328,"column":2},"end":{"line":328,"column":47}}]},"45":{"loc":{"start":{"line":333,"column":34},"end":{"line":333,"column":81}},"type":"cond-expr","locations":[{"start":{"line":333,"column":60},"end":{"line":333,"column":68}},{"start":{"line":333,"column":71},"end":{"line":333,"column":81}}]},"46":{"loc":{"start":{"line":351,"column":9},"end":{"line":351,"column":86}},"type":"cond-expr","locations":[{"start":{"line":351,"column":71},"end":{"line":351,"column":81}},{"start":{"line":351,"column":84},"end":{"line":351,"column":86}}]},"47":{"loc":{"start":{"line":351,"column":9},"end":{"line":351,"column":68}},"type":"binary-expr","locations":[{"start":{"line":351,"column":9},"end":{"line":351,"column":26}},{"start":{"line":351,"column":30},"end":{"line":351,"column":47}},{"start":{"line":351,"column":51},"end":{"line":351,"column":68}}]},"48":{"loc":{"start":{"line":365,"column":2},"end":{"line":371,"column":null}},"type":"if","locations":[{"start":{"line":365,"column":2},"end":{"line":371,"column":null}},{"start":{"line":368,"column":9},"end":{"line":371,"column":null}}]},"49":{"loc":{"start":{"line":365,"column":6},"end":{"line":365,"column":86}},"type":"binary-expr","locations":[{"start":{"line":365,"column":6},"end":{"line":365,"column":12}},{"start":{"line":365,"column":16},"end":{"line":365,"column":41}},{"start":{"line":365,"column":45},"end":{"line":365,"column":62}},{"start":{"line":365,"column":66},"end":{"line":365,"column":86}}]},"50":{"loc":{"start":{"line":375,"column":18},"end":{"line":375,"column":134}},"type":"cond-expr","locations":[{"start":{"line":375,"column":83},"end":{"line":375,"column":87}},{"start":{"line":375,"column":90},"end":{"line":375,"column":134}}]},"51":{"loc":{"start":{"line":375,"column":18},"end":{"line":375,"column":80}},"type":"binary-expr","locations":[{"start":{"line":375,"column":18},"end":{"line":375,"column":24}},{"start":{"line":375,"column":28},"end":{"line":375,"column":53}},{"start":{"line":375,"column":57},"end":{"line":375,"column":80}}]},"52":{"loc":{"start":{"line":375,"column":90},"end":{"line":375,"column":134}},"type":"cond-expr","locations":[{"start":{"line":375,"column":115},"end":{"line":375,"column":120}},{"start":{"line":375,"column":123},"end":{"line":375,"column":134}}]},"53":{"loc":{"start":{"line":390,"column":2},"end":{"line":395,"column":null}},"type":"if","locations":[{"start":{"line":390,"column":2},"end":{"line":395,"column":null}}]},"54":{"loc":{"start":{"line":391,"column":4},"end":{"line":391,"column":107}},"type":"if","locations":[{"start":{"line":391,"column":4},"end":{"line":391,"column":107}}]},"55":{"loc":{"start":{"line":424,"column":11},"end":{"line":424,"column":39}},"type":"binary-expr","locations":[{"start":{"line":424,"column":11},"end":{"line":424,"column":16}},{"start":{"line":424,"column":20},"end":{"line":424,"column":39}}]},"56":{"loc":{"start":{"line":433,"column":45},"end":{"line":433,"column":92}},"type":"binary-expr","locations":[{"start":{"line":433,"column":45},"end":{"line":433,"column":52}},{"start":{"line":433,"column":56},"end":{"line":433,"column":83}},{"start":{"line":433,"column":87},"end":{"line":433,"column":92}}]}},"s":{"0":1,"1":1,"2":1,"3":1,"4":1,"5":1,"6":1,"7":1,"8":1,"9":1,"10":1,"11":55,"12":55,"13":55,"14":55,"15":38,"16":32,"17":55,"18":0,"19":55,"20":0,"21":0,"22":0,"23":0,"24":0,"25":0,"26":55,"27":1,"28":18,"29":1,"30":18,"31":1,"32":18,"33":1,"34":18,"35":18,"36":0,"37":1,"38":0,"39":0,"40":0,"41":0,"42":0,"43":0,"44":0,"45":0,"46":0,"47":0,"48":0,"49":0,"50":0,"51":0,"52":0,"53":0,"54":1,"55":0,"56":0,"57":0,"58":0,"59":0,"60":0,"61":0,"62":0,"63":0,"64":0,"65":0,"66":0,"67":1,"68":18,"69":0,"70":1,"71":18,"72":0,"73":0,"74":18,"75":18,"76":0,"77":0,"78":0,"79":18,"80":0,"81":18,"82":1,"83":18,"84":18,"85":18,"86":8,"87":18,"88":22,"89":22,"90":12,"91":6,"92":3,"93":3,"94":6,"95":5,"96":1,"97":18,"98":1,"99":0,"100":0,"101":0,"102":0,"103":0,"104":0,"105":0,"106":0,"107":0,"108":1,"109":0,"110":0,"111":0,"112":0,"113":1,"114":0,"115":0,"116":0,"117":0,"118":1,"119":0,"120":0,"121":1,"122":0,"123":0,"124":0,"125":0,"126":0,"127":1,"128":0,"129":0,"130":1,"131":18,"132":2,"133":1,"134":9,"135":9,"136":1,"137":55,"138":55,"139":55,"140":55,"141":37,"142":18,"143":18,"144":55,"145":33,"146":33,"147":33,"148":55,"149":55,"150":55,"151":1,"152":0,"153":1,"154":0,"155":0,"156":0,"157":0,"158":0,"159":1,"160":0,"161":1,"162":19,"163":19,"164":19,"165":19,"166":19,"167":24,"168":19,"169":1,"170":1,"171":1,"172":0,"173":1,"174":1,"175":0,"176":1,"177":1,"178":1,"179":18,"180":18},"f":{"0":55,"1":38,"2":18,"3":18,"4":18,"5":18,"6":0,"7":0,"8":18,"9":18,"10":18,"11":0,"12":0,"13":0,"14":0,"15":0,"16":0,"17":0,"18":18,"19":9,"20":55,"21":0,"22":0,"23":0,"24":19,"25":1,"26":0,"27":0,"28":18},"b":{"0":[55,0],"1":[55,6,4,4],"2":[32],"3":[38,10],"4":[0],"5":[0],"6":[0],"7":[0,0],"8":[0],"9":[18,0],"10":[18,18],"11":[18,18],"12":[18,18,18,18],"13":[0,18],"14":[0,0],"15":[0,18],"16":[18,0],"17":[0,0],"18":[0,0],"19":[0,0,0],"20":[0,0],"21":[0,0],"22":[0],"23":[0],"24":[0,0],"25":[18],"26":[0,18,0],"27":[0,18],"28":[8],"29":[18,8],"30":[12],"31":[22,20],"32":[6,6],"33":[3,3],"34":[5,1],"35":[6,5],"36":[0,0],"37":[0,0],"38":[0],"39":[0],"40":[0],"41":[0],"42":[0],"43":[0,0],"44":[0],"45":[0,0],"46":[4,5],"47":[9,7,6],"48":[37,18],"49":[55,33,30,28],"50":[16,17],"51":[33,21,21],"52":[17,0],"53":[0],"54":[0],"55":[0,0],"56":[19,18,9]}}
}
