TN:
SF:src/index.ts
FN:90,(anonymous_0)
FN:95,(anonymous_1)
FN:110,(anonymous_2)
FN:114,(anonymous_3)
FN:118,(anonymous_4)
FN:125,(anonymous_5)
FN:130,(anonymous_6)
FN:166,(anonymous_7)
FN:189,(anonymous_8)
FN:195,(anonymous_9)
FN:213,(anonymous_10)
FN:281,(anonymous_11)
FN:282,(anonymous_12)
FN:297,(anonymous_13)
FN:308,(anonymous_14)
FN:313,(anonymous_15)
FN:320,(anonymous_16)
FN:331,(anonymous_17)
FN:336,(anonymous_18)
FN:347,(anonymous_19)
FN:359,(anonymous_20)
FN:386,(anonymous_21)
FN:389,(anonymous_22)
FN:420,(anonymous_23)
FN:428,(anonymous_24)
FN:540,(anonymous_25)
FN:543,(anonymous_26)
FN:549,(anonymous_27)
FN:566,(anonymous_28)
FNF:29
FNH:15
FNDA:55,(anonymous_0)
FNDA:38,(anonymous_1)
FNDA:18,(anonymous_2)
FNDA:18,(anonymous_3)
FNDA:18,(anonymous_4)
FNDA:18,(anonymous_5)
FNDA:0,(anonymous_6)
FNDA:0,(anonymous_7)
FNDA:18,(anonymous_8)
FNDA:18,(anonymous_9)
FNDA:18,(anonymous_10)
FNDA:0,(anonymous_11)
FNDA:0,(anonymous_12)
FNDA:0,(anonymous_13)
FNDA:0,(anonymous_14)
FNDA:0,(anonymous_15)
FNDA:0,(anonymous_16)
FNDA:0,(anonymous_17)
FNDA:18,(anonymous_18)
FNDA:9,(anonymous_19)
FNDA:55,(anonymous_20)
FNDA:0,(anonymous_21)
FNDA:0,(anonymous_22)
FNDA:0,(anonymous_23)
FNDA:19,(anonymous_24)
FNDA:1,(anonymous_25)
FNDA:0,(anonymous_26)
FNDA:0,(anonymous_27)
FNDA:18,(anonymous_28)
DA:21,1
DA:52,1
DA:54,1
DA:59,1
DA:65,1
DA:68,1
DA:71,1
DA:84,1
DA:87,1
DA:88,1
DA:90,1
DA:91,55
DA:92,55
DA:93,55
DA:95,55
DA:96,38
DA:98,55
DA:99,55
DA:100,0
DA:101,0
DA:102,0
DA:103,0
DA:107,55
DA:110,1
DA:111,18
DA:114,1
DA:115,18
DA:118,1
DA:120,18
DA:125,1
DA:126,18
DA:127,0
DA:130,1
DA:131,0
DA:132,0
DA:133,0
DA:134,0
DA:135,0
DA:136,0
DA:139,0
DA:140,0
DA:143,0
DA:144,0
DA:146,0
DA:148,0
DA:150,0
DA:156,0
DA:158,0
DA:162,0
DA:166,1
DA:168,0
DA:170,0
DA:171,0
DA:172,0
DA:173,0
DA:175,0
DA:177,0
DA:179,0
DA:180,0
DA:184,0
DA:186,0
DA:189,1
DA:190,18
DA:191,0
DA:195,1
DA:197,18
DA:199,0
DA:200,0
DA:202,18
DA:203,18
DA:205,0
DA:206,0
DA:207,0
DA:209,18
DA:210,18
DA:213,1
DA:214,18
DA:215,18
DA:217,18
DA:219,18
DA:220,22
DA:224,22
DA:234,12
DA:235,6
DA:236,3
DA:238,3
DA:240,6
DA:241,5
DA:243,1
DA:247,18
DA:281,1
DA:282,0
DA:283,0
DA:284,0
DA:287,0
DA:288,0
DA:289,0
DA:290,0
DA:297,1
DA:301,0
DA:302,0
DA:303,0
DA:308,1
DA:309,0
DA:310,0
DA:313,1
DA:315,0
DA:316,0
DA:320,1
DA:322,0
DA:325,0
DA:326,0
DA:328,0
DA:331,1
DA:332,0
DA:333,0
DA:336,1
DA:337,18
DA:347,1
DA:348,9
DA:349,9
DA:359,1
DA:360,55
DA:361,55
DA:362,55
DA:365,55
DA:366,37
DA:369,18
DA:370,18
DA:372,55
DA:373,33
DA:374,33
DA:375,33
DA:377,55
DA:382,55
DA:383,55
DA:386,1
DA:389,1
DA:390,0
DA:391,0
DA:396,0
DA:411,0
DA:420,1
DA:421,0
DA:428,1
DA:430,19
DA:431,19
DA:433,19
DA:435,19
DA:437,19
DA:439,24
DA:441,19
DA:540,1
DA:542,1
DA:543,1
DA:545,0
DA:547,1
DA:549,1
DA:550,1
DA:553,1
DA:559,1
DA:567,18
DA:569,18
LF:163
LH:99
BRDA:93,0,0,55
BRDA:93,0,1,0
BRDA:93,1,0,55
BRDA:93,1,1,6
BRDA:93,1,2,4
BRDA:93,1,3,4
BRDA:96,2,0,32
BRDA:96,3,0,38
BRDA:96,3,1,10
BRDA:98,4,0,0
BRDA:99,5,0,0
BRDA:102,6,0,0
BRDA:102,7,0,0
BRDA:102,7,1,0
BRDA:103,8,0,0
BRDA:111,9,0,18
BRDA:111,9,1,0
BRDA:111,10,0,18
BRDA:111,10,1,18
BRDA:111,11,0,18
BRDA:111,11,1,18
BRDA:115,12,0,18
BRDA:115,12,1,18
BRDA:115,12,2,18
BRDA:115,12,3,18
BRDA:120,13,0,0
BRDA:120,13,1,18
BRDA:121,14,0,0
BRDA:121,14,1,0
BRDA:122,15,0,0
BRDA:122,15,1,18
BRDA:126,16,0,18
BRDA:126,16,1,0
BRDA:131,17,0,0
BRDA:131,17,1,0
BRDA:134,18,0,0
BRDA:134,18,1,0
BRDA:136,19,0,0
BRDA:136,19,1,0
BRDA:136,19,2,0
BRDA:143,20,0,0
BRDA:143,20,1,0
BRDA:168,21,0,0
BRDA:168,21,1,0
BRDA:172,22,0,0
BRDA:175,23,0,0
BRDA:177,24,0,0
BRDA:177,24,1,0
BRDA:195,25,0,18
BRDA:197,26,0,0
BRDA:197,26,1,18
BRDA:197,26,2,0
BRDA:209,27,0,0
BRDA:209,27,1,18
BRDA:217,28,0,8
BRDA:217,29,0,18
BRDA:217,29,1,8
BRDA:224,30,0,12
BRDA:224,31,0,22
BRDA:224,31,1,20
BRDA:234,32,0,6
BRDA:234,32,1,6
BRDA:235,33,0,3
BRDA:235,33,1,3
BRDA:240,34,0,5
BRDA:240,34,1,1
BRDA:240,35,0,6
BRDA:240,35,1,5
BRDA:283,36,0,0
BRDA:283,36,1,0
BRDA:283,37,0,0
BRDA:283,37,1,0
BRDA:287,38,0,0
BRDA:301,39,0,0
BRDA:303,40,0,0
BRDA:309,41,0,0
BRDA:310,42,0,0
BRDA:322,43,0,0
BRDA:322,43,1,0
BRDA:328,44,0,0
BRDA:333,45,0,0
BRDA:333,45,1,0
BRDA:351,46,0,4
BRDA:351,46,1,5
BRDA:351,47,0,9
BRDA:351,47,1,7
BRDA:351,47,2,6
BRDA:365,48,0,37
BRDA:365,48,1,18
BRDA:365,49,0,55
BRDA:365,49,1,33
BRDA:365,49,2,30
BRDA:365,49,3,28
BRDA:375,50,0,16
BRDA:375,50,1,17
BRDA:375,51,0,33
BRDA:375,51,1,21
BRDA:375,51,2,21
BRDA:375,52,0,17
BRDA:375,52,1,0
BRDA:390,53,0,0
BRDA:391,54,0,0
BRDA:424,55,0,0
BRDA:424,55,1,0
BRDA:433,56,0,19
BRDA:433,56,1,18
BRDA:433,56,2,9
BRF:107
BRH:57
end_of_record
